<?xml version="1.0" encoding="UTF-8"?>
<!-- Generated by org.testng.reporters.JUnitXMLReporter -->
<testsuite ignored="0" hostname="DESKTOP-4O939LH" failures="0" tests="4" name="GoogleChromeTest" time="24.509" errors="0" timestamp="2020-02-08T20:47:55 PST">
  <testcase classname="selenium.LangaraLogin" name="@BeforeClass BeforeClass" time="0.054">
    <failure type="java.lang.NullPointerException">
      <![CDATA[java.lang.NullPointerException
at selenium.LangaraLogin.BeforeClass(LangaraLogin.java:58)
at java.base/java.util.ArrayList.forEach(ArrayList.java:1507)
at java.base/java.util.concurrent.FutureTask.run(FutureTask.java:264)
at java.base/java.util.concurrent.ThreadPoolExecutor.runWorker(ThreadPoolExecutor.java:1128)
at java.base/java.util.concurrent.ThreadPoolExecutor$Worker.run(ThreadPoolExecutor.java:628)
at java.base/java.lang.Thread.run(Thread.java:830)
... Removed 16 stack frames]]>
    </failure>
  </testcase> <!-- @BeforeClass BeforeClass -->
  <testcase classname="selenium.LangaraLogin" name="@AfterClass afterClass" time="-1.581223651304E9">
    <skipped/>
  </testcase> <!-- @AfterClass afterClass -->
  <testcase classname="selenium.LangaraLogin" name="Login" time="0.0">
    <skipped/>
  </testcase> <!-- Login -->
  <testcase classname="selenium.LangaraLogin" name="PullTranscripts" time="0.0">
    <skipped/>
  </testcase> <!-- PullTranscripts -->
  <testcase classname="selenium.LangaraLogin" name="Login" time="1.489"/>
  <testcase classname="selenium.LangaraLogin" name="PullTranscripts" time="14.32"/>
</testsuite> <!-- GoogleChromeTest -->
