<?xml version="1.0" encoding="UTF-8"?>
<!-- Generated by org.testng.reporters.JUnitXMLReporter -->
<testsuite ignored="0" hostname="DESKTOP-4O939LH" failures="0" tests="2" name="IETest" time="335.189" errors="0" timestamp="2020-02-08T20:52:08 PST">
  <testcase classname="selenium.LangaraLogin" name="Login" time="0.0">
    <skipped/>
  </testcase> <!-- Login -->
  <testcase classname="selenium.LangaraLogin" name="PullTranscripts" time="0.0">
    <skipped/>
  </testcase> <!-- PullTranscripts -->
</testsuite> <!-- IETest -->
